{"level":"info","message":"Server running on port 3000","timestamp":"2025-06-07T17:41:07.334Z"}
{"level":"info","message":"New connection: gI7mlepyMD0zn2RiAAAB","timestamp":"2025-06-07T17:41:08.421Z"}
{"level":"info","message":"New connection: qM43lzoW_TFi_-r-AAAD","timestamp":"2025-06-07T17:45:07.880Z"}
{"level":"info","message":" joined room null","timestamp":"2025-06-07T17:45:09.651Z"}
{"level":"info","message":" disconnected from room null","timestamp":"2025-06-07T17:46:12.078Z"}
{"level":"info","message":"New connection: U86xyvrYPVtmalHrAAAF","timestamp":"2025-06-07T17:46:12.111Z"}
{"level":"info","message":" joined room null","timestamp":"2025-06-07T17:46:12.117Z"}
{"level":"info","message":"Server running on port 3000","timestamp":"2025-06-07T17:46:38.944Z"}
{"level":"info","message":"New connection: jgp_MmiP44wSLiFsAAAB","timestamp":"2025-06-07T17:46:39.221Z"}
{"level":"info","message":"New connection: u_z_SVogyxc6ccL2AAAD","timestamp":"2025-06-07T17:46:40.066Z"}
{"level":"info","message":" joined room null","timestamp":"2025-06-07T17:46:40.074Z"}
{"level":"info","message":"Server running on port 3000","timestamp":"2025-06-07T17:49:18.483Z"}
{"level":"info","message":"New connection: 8fHNe0qKYxm-kdbZAAAB","timestamp":"2025-06-07T17:49:18.851Z"}
{"level":"info","message":"New connection: Kop2MUyg1j_DVuCkAAAD","timestamp":"2025-06-07T17:49:20.470Z"}
{"level":"info","message":" joined room null","timestamp":"2025-06-07T17:49:22.160Z"}
{"level":"info","message":" disconnected from room null","timestamp":"2025-06-07T17:50:22.905Z"}
{"level":"info","message":"New connection: MWx98sCmtNXlHQoYAAAF","timestamp":"2025-06-07T17:50:40.443Z"}
{"level":"info","message":" joined room null","timestamp":"2025-06-07T17:50:40.450Z"}
{"level":"info","message":" disconnected from room null","timestamp":"2025-06-07T17:50:49.483Z"}
{"level":"info","message":"New connection: OvQTbTYWgu_hxiI7AAAH","timestamp":"2025-06-07T17:50:59.619Z"}
{"level":"info","message":" joined room null","timestamp":"2025-06-07T17:50:59.626Z"}
{"level":"info","message":" disconnected from room null","timestamp":"2025-06-07T17:51:57.760Z"}
{"level":"info","message":"New connection: ljrbjFfik9IVlvTnAAAJ","timestamp":"2025-06-07T17:51:57.805Z"}
{"level":"info","message":" joined room null","timestamp":"2025-06-07T17:51:57.812Z"}
{"level":"info","message":" disconnected from room null","timestamp":"2025-06-07T17:54:11.795Z"}
{"level":"info","message":"New connection: yaxFeY5sn8Lt0l5PAAAL","timestamp":"2025-06-07T17:54:11.854Z"}
{"level":"info","message":" joined room null","timestamp":"2025-06-07T17:54:13.409Z"}
{"level":"info","message":" disconnected from room null","timestamp":"2025-06-07T17:54:42.621Z"}
{"level":"info","message":"New connection: uibaxoG07403lKdAAAAN","timestamp":"2025-06-07T17:54:42.702Z"}
{"level":"info","message":" joined room null","timestamp":"2025-06-07T17:54:44.539Z"}
{"level":"info","message":" disconnected from room null","timestamp":"2025-06-07T17:54:59.644Z"}
{"level":"info","message":"New connection: oRUu_mR6ERmsuMQRAAAP","timestamp":"2025-06-07T17:54:59.702Z"}
{"level":"info","message":" joined room null","timestamp":"2025-06-07T17:55:01.351Z"}
{"level":"info","message":" disconnected from room null","timestamp":"2025-06-07T17:55:03.039Z"}
{"level":"info","message":"New connection: AwRkj-Z0pP8Y_EAfAAAR","timestamp":"2025-06-07T17:55:03.066Z"}
{"level":"info","message":" joined room null","timestamp":"2025-06-07T17:55:03.075Z"}
{"level":"info","message":" disconnected from room null","timestamp":"2025-06-07T17:55:34.763Z"}
{"level":"info","message":"New connection: 2iIv9FF7_J3evyWDAAAT","timestamp":"2025-06-07T17:55:34.802Z"}
{"level":"info","message":" joined room null","timestamp":"2025-06-07T17:55:34.810Z"}
{"level":"info","message":" disconnected from room null","timestamp":"2025-06-07T17:56:13.038Z"}
{"level":"info","message":"New connection: P_lCNqbnWZVRnvpXAAAV","timestamp":"2025-06-07T17:56:13.108Z"}
{"level":"info","message":" joined room null","timestamp":"2025-06-07T17:56:14.904Z"}
{"level":"info","message":" disconnected from room null","timestamp":"2025-06-07T17:57:05.690Z"}
{"level":"info","message":"New connection: QTuZe2k0H4YxCUdvAAAX","timestamp":"2025-06-07T17:57:05.746Z"}
{"level":"info","message":" joined room null","timestamp":"2025-06-07T17:57:07.400Z"}
{"level":"info","message":" disconnected from room null","timestamp":"2025-06-07T17:57:13.269Z"}
{"level":"info","message":"New connection: HFv4JWZ8nQeXhdoyAAAZ","timestamp":"2025-06-07T17:57:13.317Z"}
{"level":"info","message":" joined room null","timestamp":"2025-06-07T17:57:14.808Z"}
{"level":"info","message":" disconnected from room null","timestamp":"2025-06-07T17:57:36.599Z"}
{"level":"info","message":"New connection: HRhiYqQkwgRcjnSgAAAb","timestamp":"2025-06-07T17:57:36.644Z"}
{"level":"info","message":" joined room null","timestamp":"2025-06-07T17:57:38.451Z"}
{"level":"info","message":" disconnected from room null","timestamp":"2025-06-07T17:57:53.835Z"}
{"level":"info","message":"New connection: BNcmA-Wq_UGqa9pHAAAd","timestamp":"2025-06-07T17:57:53.909Z"}
{"level":"info","message":" joined room null","timestamp":"2025-06-07T17:57:55.545Z"}
{"level":"info","message":" disconnected from room null","timestamp":"2025-06-07T17:58:12.961Z"}
{"level":"info","message":"New connection: gNqoID3LgoiLKqN7AAAf","timestamp":"2025-06-07T17:58:13.016Z"}
{"level":"info","message":" joined room null","timestamp":"2025-06-07T17:58:15.071Z"}
{"level":"info","message":" disconnected from room null","timestamp":"2025-06-07T17:58:44.132Z"}
{"level":"info","message":"New connection: Lyscz2Cbr14klXwJAAAh","timestamp":"2025-06-07T17:58:44.180Z"}
{"level":"info","message":" joined room null","timestamp":"2025-06-07T17:58:46.066Z"}
{"level":"info","message":"New connection: f4T_M7us4VhtmcpBAAAj","timestamp":"2025-06-07T18:03:05.797Z"}
{"level":"info","message":" joined room null","timestamp":"2025-06-07T18:03:07.552Z"}
{"level":"info","message":"Server running on port 3000","timestamp":"2025-06-07T18:08:23.361Z"}
{"level":"info","message":"New connection: xOiEhUYOnHXl0ih5AAAC","timestamp":"2025-06-07T18:08:24.420Z"}
{"level":"info","message":"New connection: MCeYOsddJk_Vh8c1AAAD","timestamp":"2025-06-07T18:08:24.423Z"}
{"level":"info","message":"Server running on port 3000","timestamp":"2025-06-07T18:08:33.621Z"}
{"level":"info","message":"New connection: od_PMZxoLx6ImVZXAAAC","timestamp":"2025-06-07T18:08:34.424Z"}
{"level":"info","message":"New connection: 0f_wlesfjloNneVIAAAD","timestamp":"2025-06-07T18:08:34.429Z"}
{"level":"info","message":"Server running on port 3000","timestamp":"2025-06-07T18:08:50.166Z"}
{"level":"info","message":"New connection: 8nFFL3MssIIONK06AAAC","timestamp":"2025-06-07T18:08:51.430Z"}
{"level":"info","message":"New connection: Tzi_4aiWjloHHYp_AAAD","timestamp":"2025-06-07T18:08:51.436Z"}
{"level":"info","message":"New connection: ayzjcI0OGFwqL1RTAAAF","timestamp":"2025-06-07T18:09:02.089Z"}
{"level":"info","message":"New connection: 8W0oxYCk9tLycOuUAAAH","timestamp":"2025-06-07T18:09:10.054Z"}
{"level":"info","message":"New connection: CXxaXlmqY-VES8CzAAAJ","timestamp":"2025-06-07T18:09:24.491Z"}
{"level":"info","message":"Server running on port 3000","timestamp":"2025-06-07T18:13:46.075Z"}
{"level":"info","message":"New connection: Z6pfNXV8h4N4VHXZAAAC","timestamp":"2025-06-07T18:13:47.429Z"}
{"level":"info","message":"New connection: WgZTQbhKuuYB7Z1RAAAD","timestamp":"2025-06-07T18:13:47.432Z"}
{"level":"info","message":"Server running on port 3000","timestamp":"2025-06-07T18:14:39.248Z"}
{"level":"info","message":"New connection: j_pvuZjZ5QWrQejrAAAC","timestamp":"2025-06-07T18:14:40.452Z"}
{"level":"info","message":"New connection: yvHcOuSgh_lVjkixAAAD","timestamp":"2025-06-07T18:14:40.456Z"}
{"level":"info","message":"New connection: mfLbSg_6V43RPKzEAAAF","timestamp":"2025-06-07T18:15:45.911Z"}
{"level":"info","message":"devdey@gmail.com joined room 123456","timestamp":"2025-06-07T18:15:47.517Z"}
{"level":"info","message":"Server running on port 3000","timestamp":"2025-06-07T18:16:21.049Z"}
{"level":"info","message":"New connection: _AT2AF3wgK40xbmaAAAB","timestamp":"2025-06-07T18:16:21.436Z"}
{"level":"info","message":"New connection: RASR-SGeDfi5y1svAAAD","timestamp":"2025-06-07T18:16:22.415Z"}
{"level":"info","message":"Server running on port 3000","timestamp":"2025-06-07T18:16:32.959Z"}
{"level":"info","message":"New connection: BKLO3rNnfnk84OfZAAAB","timestamp":"2025-06-07T18:16:33.422Z"}
{"level":"info","message":"New connection: vQd9WxZ2g8hZE0LaAAAD","timestamp":"2025-06-07T18:16:34.413Z"}
{"level":"info","message":"Server running on port 3000","timestamp":"2025-06-07T18:16:44.720Z"}
{"level":"info","message":"New connection: Ub6CrY1ljX5T6st7AAAB","timestamp":"2025-06-07T18:16:45.421Z"}
{"level":"info","message":"New connection: HtpzKtDEOL1vNbxyAAAD","timestamp":"2025-06-07T18:16:46.418Z"}
{"level":"info","message":"Server running on port 3000","timestamp":"2025-06-07T18:16:49.621Z"}
{"level":"info","message":"New connection: jATS6RDXFwfnL_pYAAAC","timestamp":"2025-06-07T18:16:50.429Z"}
{"level":"info","message":"New connection: duaWhvldiy7yeGTdAAAD","timestamp":"2025-06-07T18:16:50.434Z"}
{"level":"info","message":"Server running on port 3000","timestamp":"2025-06-07T18:16:51.339Z"}
{"level":"info","message":"New connection: 6P-wOuQ6Qk9s9AgLAAAC","timestamp":"2025-06-07T18:16:52.448Z"}
{"level":"info","message":"New connection: KXwEbtmxHBj8iNVIAAAD","timestamp":"2025-06-07T18:16:52.452Z"}
{"level":"info","message":"Server running on port 3000","timestamp":"2025-06-07T18:17:06.393Z"}
{"level":"info","message":"New connection: KqYfQq181Xg71WECAAAC","timestamp":"2025-06-07T18:17:07.437Z"}
{"level":"info","message":"New connection: AHirLES7T7PLQO9iAAAD","timestamp":"2025-06-07T18:17:07.440Z"}
{"level":"info","message":"Server running on port 3000","timestamp":"2025-06-07T18:17:51.734Z"}
{"level":"info","message":"New connection: Zfc_B0O_EO8oR6JpAAAC","timestamp":"2025-06-07T18:17:52.426Z"}
{"level":"info","message":"New connection: tFao3poZ5eMWofOnAAAD","timestamp":"2025-06-07T18:17:52.432Z"}
{"level":"info","message":"Server running on port 3000","timestamp":"2025-06-07T18:18:04.265Z"}
{"level":"info","message":"New connection: 01cHjlkZyMiwtGYnAAAC","timestamp":"2025-06-07T18:18:05.436Z"}
{"level":"info","message":"New connection: k8ueBippmMSiFzWrAAAD","timestamp":"2025-06-07T18:18:05.439Z"}
{"level":"info","message":"Server running on port 3000","timestamp":"2025-06-07T18:18:16.045Z"}
{"level":"info","message":"New connection: n43OBrZuTnepSdB_AAAC","timestamp":"2025-06-07T18:18:17.424Z"}
{"level":"info","message":"New connection: iaI7XW0F3gE5QOKPAAAD","timestamp":"2025-06-07T18:18:17.426Z"}
{"level":"info","message":"Server running on port 3000","timestamp":"2025-06-07T18:18:25.175Z"}
{"level":"info","message":"New connection: Opei0FFxh-nWGDprAAAC","timestamp":"2025-06-07T18:18:26.430Z"}
{"level":"info","message":"New connection: MOCzH7hmS7KC0f_5AAAD","timestamp":"2025-06-07T18:18:26.439Z"}
{"level":"info","message":"Server running on port 3000","timestamp":"2025-06-07T18:18:33.940Z"}
{"level":"info","message":"New connection: 41mh95Do5ouMdx8uAAAC","timestamp":"2025-06-07T18:18:35.443Z"}
{"level":"info","message":"New connection: kVXTv6w-KzHr6ZbDAAAD","timestamp":"2025-06-07T18:18:35.446Z"}
{"level":"info","message":"Server running on port 3000","timestamp":"2025-06-07T18:18:54.108Z"}
{"level":"info","message":"New connection: KLqd7EXVIRNU_ly4AAAC","timestamp":"2025-06-07T18:18:55.432Z"}
{"level":"info","message":"New connection: G513Yidt4L1qhNMxAAAD","timestamp":"2025-06-07T18:18:55.438Z"}
{"level":"info","message":"Server running on port 3000","timestamp":"2025-06-07T18:18:56.059Z"}
{"level":"info","message":"New connection: V-tXyC2BRcuTQ9wfAAAB","timestamp":"2025-06-07T18:18:56.434Z"}
{"level":"info","message":"New connection: vhGeoOUAlD3r_kc8AAAD","timestamp":"2025-06-07T18:18:57.421Z"}
{"level":"info","message":"Server running on port 3000","timestamp":"2025-06-07T18:20:31.947Z"}
{"level":"info","message":"New connection: OWgQo51TNU52kAUIAAAC","timestamp":"2025-06-07T18:20:33.433Z"}
{"level":"info","message":"New connection: bZkNbzIyiEQ9lcxeAAAD","timestamp":"2025-06-07T18:20:33.436Z"}
{"level":"info","message":"New connection: H8z7oW9bdgZWttnhAAAF","timestamp":"2025-06-07T18:20:38.757Z"}
{"level":"info","message":"devdey@gmail.com joined room 123456","timestamp":"2025-06-07T18:20:38.770Z"}
{"level":"info","message":"devdey@gmail.com disconnected from room 123456","timestamp":"2025-06-07T18:21:29.512Z"}
{"level":"info","message":"New connection: wMhjf6iZNsOTkRe3AAAH","timestamp":"2025-06-07T18:21:31.481Z"}
{"level":"info","message":"devdey@gmail.com joined room 123456","timestamp":"2025-06-07T18:21:31.486Z"}
{"level":"info","message":"devdey@gmail.com disconnected from room 123456","timestamp":"2025-06-07T18:21:38.583Z"}
{"level":"info","message":"Server running on port 3000","timestamp":"2025-06-07T18:21:47.017Z"}
{"level":"info","message":"New connection: hNLrd8PiJ_WjBOhgAAAB","timestamp":"2025-06-07T18:21:48.430Z"}
{"level":"info","message":"Server running on port 3000","timestamp":"2025-06-07T18:21:50.973Z"}
{"level":"info","message":"New connection: U4hX8wUcP685QCOyAAAB","timestamp":"2025-06-07T18:21:52.422Z"}
{"level":"info","message":"Server running on port 3000","timestamp":"2025-06-07T18:21:52.967Z"}
{"level":"info","message":"New connection: Dlsz9xjCk6WmjExSAAAB","timestamp":"2025-06-07T18:21:54.432Z"}
{"level":"info","message":"Server running on port 3000","timestamp":"2025-06-07T18:21:54.960Z"}
{"level":"info","message":"New connection: Nkr7eoqpt2UysDZdAAAB","timestamp":"2025-06-07T18:21:56.436Z"}
{"level":"info","message":"New connection: bxjF3iSICXHKcZGjAAAD","timestamp":"2025-06-07T18:22:01.179Z"}
{"level":"info","message":"devdey@gmail.com joined room 123456","timestamp":"2025-06-07T18:22:01.186Z"}
{"level":"info","message":"devdey@gmail.com disconnected from room 123456","timestamp":"2025-06-07T18:22:01.937Z"}
{"level":"info","message":"New connection: l0gGJUtuhzPGQT_0AAAF","timestamp":"2025-06-07T18:22:01.959Z"}
{"level":"info","message":"devdey@gmail.com joined room 123456","timestamp":"2025-06-07T18:22:01.963Z"}
{"level":"info","message":"Server running on port 3000","timestamp":"2025-06-07T18:23:47.728Z"}
{"level":"info","message":"New connection: DJmbT_ZRUw38_mg0AAAC","timestamp":"2025-06-07T18:23:48.466Z"}
{"level":"info","message":"New connection: Xg8PFObXLVm3E2xiAAAD","timestamp":"2025-06-07T18:23:48.467Z"}
{"level":"info","message":"Server running on port 3000","timestamp":"2025-06-07T18:24:12.506Z"}
{"level":"info","message":"New connection: CiRw-WrPvk6KidSbAAAB","timestamp":"2025-06-07T18:24:13.433Z"}
{"level":"info","message":"New connection: liiPYM1tmH8grjOaAAAD","timestamp":"2025-06-07T18:24:17.616Z"}
{"level":"info","message":"devdey@gmail.com joined room 123456","timestamp":"2025-06-07T18:24:17.623Z"}
{"level":"info","message":"Server running on port 3000","timestamp":"2025-06-07T18:28:31.291Z"}
{"level":"info","message":"New connection: Mz2ZSKEmcHcbAsC7AAAC","timestamp":"2025-06-07T18:28:32.432Z"}
{"level":"info","message":"New connection: ZmVS6yLUiFucVuFvAAAD","timestamp":"2025-06-07T18:28:32.438Z"}
{"level":"info","message":"New connection: tPp8y9kMOM1loeqoAAAF","timestamp":"2025-06-07T18:28:34.042Z"}
{"level":"info","message":"devdey@gmail.com joined room 123456","timestamp":"2025-06-07T18:28:35.609Z"}
{"level":"info","message":"devdey@gmail.com disconnected from room 123456","timestamp":"2025-06-07T18:28:43.325Z"}
{"level":"info","message":"New connection: KUA07uSMAHBmTNcwAAAH","timestamp":"2025-06-07T18:28:43.363Z"}
{"level":"info","message":"devdey@gmail.com joined room 123456","timestamp":"2025-06-07T18:28:44.712Z"}
{"level":"info","message":"Server running on port 3000","timestamp":"2025-06-07T18:30:33.998Z"}
{"level":"info","message":"New connection: P3mX9_eQMX-tiL87AAAC","timestamp":"2025-06-07T18:30:34.418Z"}
{"level":"info","message":"New connection: LIoTA6KGEVtiRW1aAAAD","timestamp":"2025-06-07T18:30:34.426Z"}
{"level":"info","message":"New connection: 5biSoAfqs05akatOAAAF","timestamp":"2025-06-07T18:30:36.122Z"}
{"level":"info","message":"devdey@gmail.com joined room 123456","timestamp":"2025-06-07T18:30:36.164Z"}
{"level":"info","message":"devdey@gmail.com disconnected from room 123456","timestamp":"2025-06-07T18:31:51.978Z"}
{"level":"info","message":"New connection: q4a03DVw6wZVrWz3AAAH","timestamp":"2025-06-07T18:31:52.046Z"}
{"level":"info","message":"devdey@gmail.com joined room 123456","timestamp":"2025-06-07T18:31:53.641Z"}
{"level":"info","message":"devdey@gmail.com disconnected from room 123456","timestamp":"2025-06-07T18:32:34.575Z"}
{"level":"info","message":"New connection: 0g1vU6pwjj2HJLiRAAAJ","timestamp":"2025-06-07T18:32:34.616Z"}
{"level":"info","message":"devdey@gmail.com joined room 123456","timestamp":"2025-06-07T18:32:36.079Z"}
{"level":"info","message":"Server running on port 3000","timestamp":"2025-06-07T18:33:03.950Z"}
{"level":"info","message":"New connection: U9sZOXQ-eLVOZTcJAAAC","timestamp":"2025-06-07T18:33:05.435Z"}
{"level":"info","message":"New connection: LDVZbM3EGBFkcpFxAAAD","timestamp":"2025-06-07T18:33:05.439Z"}
{"level":"info","message":"Server running on port 3000","timestamp":"2025-06-07T18:34:04.530Z"}
{"level":"info","message":"New connection: D_6R3-qglysop-_dAAAB","timestamp":"2025-06-07T18:34:05.420Z"}
{"level":"info","message":"New connection: Oq2Axkai46mYJG3YAAAD","timestamp":"2025-06-07T18:34:06.411Z"}
{"level":"info","message":"Server running on port 3000","timestamp":"2025-06-07T18:37:03.017Z"}
{"level":"info","message":"New connection: 0mCeey9GvEk1azF6AAAB","timestamp":"2025-06-07T18:37:03.779Z"}
{"level":"info","message":"New connection: SmEbaDbntGCN01EBAAAD","timestamp":"2025-06-07T18:37:04.301Z"}
{"level":"info","message":"New connection: J-H4rU__Us7cbMt2AAAF","timestamp":"2025-06-07T18:37:04.420Z"}
{"level":"info","message":"devdey@gmail.com joined room 123456","timestamp":"2025-06-07T18:37:06.156Z"}
{"level":"info","message":"devdey@gmail.com joined room 123456","timestamp":"2025-06-07T18:37:08.134Z"}
{"level":"info","message":"Server running on port 3000","timestamp":"2025-06-07T18:41:24.043Z"}
{"level":"info","message":"New connection: 1GUmB3MLoEK_mfx5AAAB","timestamp":"2025-06-07T18:41:24.428Z"}
{"level":"info","message":"New connection: vOsQnlm2YZDECA0jAAAD","timestamp":"2025-06-07T18:41:25.422Z"}
{"level":"info","message":"New connection: J8ZEno-s8YD_ciwLAAAF","timestamp":"2025-06-07T18:41:40.015Z"}
{"level":"info","message":"New connection: ymEeuxoxdJLasiJhAAAH","timestamp":"2025-06-07T18:41:58.854Z"}
{"level":"info","message":"New connection: 6O-h6JYxTcYGQoRhAAAJ","timestamp":"2025-06-07T18:44:02.112Z"}
{"level":"info","message":"Server running on port 3000","timestamp":"2025-06-07T18:44:29.027Z"}
{"level":"info","message":"New connection: -sqWGM9eYS_gWu2oAAAB","timestamp":"2025-06-07T18:44:30.434Z"}
{"level":"info","message":"Server running on port 3000","timestamp":"2025-06-07T18:44:32.209Z"}
{"level":"info","message":"New connection: xJjCoSLz8KP8ilVTAAAB","timestamp":"2025-06-07T18:44:33.441Z"}
{"level":"info","message":"Server running on port 3000","timestamp":"2025-06-07T18:44:34.660Z"}
{"level":"info","message":"New connection: _gIHMiwYelWFvnHsAAAB","timestamp":"2025-06-07T18:44:36.454Z"}
{"level":"info","message":"New connection: d64M76DsVROaAccBAAAD","timestamp":"2025-06-07T18:44:48.982Z"}
{"level":"info","message":"subhadip0231@gmail.com joined room 123456","timestamp":"2025-06-07T18:44:48.992Z"}
{"level":"info","message":"subhadip0231@gmail.com disconnected from room 123456","timestamp":"2025-06-07T18:45:06.680Z"}
{"level":"info","message":"New connection: v_RQfUWW_gEpOiQBAAAF","timestamp":"2025-06-07T18:45:06.701Z"}
{"level":"info","message":"subhadip0231@gmail.com joined room 123456","timestamp":"2025-06-07T18:45:06.716Z"}
{"level":"info","message":"subhadip0231@gmail.com disconnected from room 123456","timestamp":"2025-06-07T18:45:25.002Z"}
{"level":"info","message":"New connection: d21cvMXn0BSglP10AAAH","timestamp":"2025-06-07T18:45:25.039Z"}
{"level":"info","message":" joined room null","timestamp":"2025-06-07T18:45:28.136Z"}
{"level":"info","message":" disconnected from room null","timestamp":"2025-06-07T18:46:18.422Z"}
{"level":"info","message":"New connection: AqYAionHI5_aW6vQAAAJ","timestamp":"2025-06-07T18:46:18.500Z"}
{"level":"info","message":" joined room null","timestamp":"2025-06-07T18:46:18.507Z"}
{"level":"info","message":" disconnected from room null","timestamp":"2025-06-07T18:46:55.106Z"}
{"level":"info","message":"New connection: KqQRKsVusejodTWnAAAL","timestamp":"2025-06-07T18:46:55.163Z"}
{"level":"info","message":" joined room null","timestamp":"2025-06-07T18:46:57.790Z"}
